0 info it worked if it ends with ok
1 verbose cli [ '/usr/local/bin/node', '/usr/local/bin/npm', 'run', 'dev' ]
2 info using npm@3.3.12
3 info using node@v5.1.1
4 verbose run-script [ 'predev', 'dev', 'postdev' ]
5 info lifecycle Stampede@0.0.3~predev: Stampede@0.0.3
6 silly lifecycle Stampede@0.0.3~predev: no script for predev, continuing
7 info lifecycle Stampede@0.0.3~dev: Stampede@0.0.3
8 verbose lifecycle Stampede@0.0.3~dev: unsafe-perm in lifecycle true
9 verbose lifecycle Stampede@0.0.3~dev: PATH: /usr/local/lib/node_modules/npm/bin/node-gyp-bin:/var/www/stampede/node_modules/.bin:/opt/cassandra/current/bin:/opt/redis-3.0.5:/opt/vsql:/opt/mongo/3.0.5/bin:/usr/local/pgsql/bin:/usr/local/sbin:/usr/local/bin:/usr/sbin:/usr/bin:/sbin:/bin:/usr/games:/usr/local/games
10 verbose lifecycle Stampede@0.0.3~dev: CWD: /var/www/stampede
11 silly lifecycle Stampede@0.0.3~dev: Args: [ '-c', 'node --max_old_space_size=15000 app.js' ]
12 silly lifecycle Stampede@0.0.3~dev: Returned: code: 1  signal: null
13 info lifecycle Stampede@0.0.3~dev: Failed to exec dev script
14 verbose stack Error: Stampede@0.0.3 dev: `node --max_old_space_size=15000 app.js`
14 verbose stack Exit status 1
14 verbose stack     at EventEmitter.<anonymous> (/usr/local/lib/node_modules/npm/lib/utils/lifecycle.js:232:16)
14 verbose stack     at emitTwo (events.js:87:13)
14 verbose stack     at EventEmitter.emit (events.js:172:7)
14 verbose stack     at ChildProcess.<anonymous> (/usr/local/lib/node_modules/npm/lib/utils/spawn.js:24:14)
14 verbose stack     at emitTwo (events.js:87:13)
14 verbose stack     at ChildProcess.emit (events.js:172:7)
14 verbose stack     at maybeClose (internal/child_process.js:818:16)
14 verbose stack     at Process.ChildProcess._handle.onexit (internal/child_process.js:211:5)
15 verbose pkgid Stampede@0.0.3
16 verbose cwd /var/www/stampede
17 error Linux 3.13.0-37-generic
18 error argv "/usr/local/bin/node" "/usr/local/bin/npm" "run" "dev"
19 error node v5.1.1
20 error npm  v3.3.12
21 error code ELIFECYCLE
22 error Stampede@0.0.3 dev: `node --max_old_space_size=15000 app.js`
22 error Exit status 1
23 error Failed at the Stampede@0.0.3 dev script 'node --max_old_space_size=15000 app.js'.
23 error Make sure you have the latest version of node.js and npm installed.
23 error If you do, this is most likely a problem with the Stampede package,
23 error not with npm itself.
23 error Tell the author that this fails on your system:
23 error     node --max_old_space_size=15000 app.js
23 error You can get their info via:
23 error     npm owner ls Stampede
23 error There is likely additional logging output above.
24 verbose exit [ 1, true ]
